2024-05-23T00:34:28.263195+0700 | INFO : 
Notifier, Market Coin Data for wallet1: 147913 coins
2024-05-23T00:34:28.266194+0700 | WARNING : 
No available balance in wallet wallet1.
 Buy actions will not happens, please add more funds to your wallet.
2024-05-23T00:34:28.292196+0700 | INFO : 
Analyzing 9724 coins based on recent and comparable data.
2024-05-23T00:35:32.726091+0700 | INFO : 
Analysis complete on wallet wallet1. Processed Coins: 0, Unprocessed Coins: 9724
2024-05-23T01:51:20.530123+0700 | INFO : 
Notifier, Market Coin Data for wallet1: 147913 coins
2024-05-23T01:51:20.533122+0700 | WARNING : 
No available balance in wallet wallet1.
 Buy actions will not happens, please add more funds to your wallet.
2024-05-23T01:51:20.576121+0700 | INFO : 
Analyzing 9724 coins based on recent and comparable data.
2024-05-23T01:52:25.987713+0700 | INFO : 
Analysis complete on wallet wallet1. Processed Coins: 0, Unprocessed Coins: 9724
2024-05-23T01:58:59.766804+0700 | INFO : 
Notifier, Market Coin Data for wallet1: 147913 coins
2024-05-23T01:58:59.770801+0700 | WARNING : 
No available balance in wallet wallet1.
 Buy actions will not happens, please add more funds to your wallet.
2024-05-23T01:58:59.796802+0700 | INFO : 
Analyzing 9724 coins based on recent and comparable data.
2024-05-23T02:00:04.796959+0700 | INFO : 
Analysis complete on wallet wallet1. Processed Coins: 0, Unprocessed Coins: 9724
2024-05-23T02:06:42.302408+0700 | INFO : 
Notifier, Market Coin Data for wallet1: 147913 coins
2024-05-23T02:06:42.306409+0700 | WARNING : 
No available balance in wallet wallet1.
 Buy actions will not happens, please add more funds to your wallet.
2024-05-23T02:06:42.343408+0700 | INFO : 
Analyzing 9724 coins based on recent and comparable data.
2024-05-23T02:07:47.423070+0700 | INFO : 
Analysis complete on wallet wallet1. Processed Coins: 0, Unprocessed Coins: 9724
2024-05-23T02:14:14.622540+0700 | INFO : 
Notifier, Market Coin Data for wallet1: 147913 coins
2024-05-23T02:14:14.625512+0700 | WARNING : 
No available balance in wallet wallet1.
 Buy actions will not happens, please add more funds to your wallet.
2024-05-23T02:14:14.667545+0700 | INFO : 
Analyzing 9724 coins based on recent and comparable data.
2024-05-23T02:15:19.678778+0700 | INFO : 
Analysis complete on wallet wallet1. Processed Coins: 0, Unprocessed Coins: 9724
2024-05-23T02:22:20.358408+0700 | INFO : 
Notifier, Market Coin Data for wallet1: 147913 coins
2024-05-23T02:22:20.361378+0700 | WARNING : 
No available balance in wallet wallet1.
 Buy actions will not happens, please add more funds to your wallet.
2024-05-23T02:22:20.390409+0700 | INFO : 
Analyzing 9724 coins based on recent and comparable data.
2024-05-23T02:23:25.473897+0700 | INFO : 
Analysis complete on wallet wallet1. Processed Coins: 0, Unprocessed Coins: 9724
2024-05-23T02:30:15.268953+0700 | INFO : 
Notifier, Market Coin Data for wallet1: 147913 coins
2024-05-23T02:30:15.271953+0700 | WARNING : 
No available balance in wallet wallet1.
 Buy actions will not happens, please add more funds to your wallet.
2024-05-23T02:30:15.303924+0700 | INFO : 
Analyzing 9724 coins based on recent and comparable data.
2024-05-23T02:31:21.163528+0700 | INFO : 
Analysis complete on wallet wallet1. Processed Coins: 0, Unprocessed Coins: 9724
2024-05-23T02:37:49.070234+0700 | INFO : 
Notifier, Market Coin Data for wallet1: 147913 coins
2024-05-23T02:37:49.074237+0700 | WARNING : 
No available balance in wallet wallet1.
 Buy actions will not happens, please add more funds to your wallet.
2024-05-23T02:37:49.106234+0700 | INFO : 
Analyzing 9724 coins based on recent and comparable data.
2024-05-23T02:38:54.294893+0700 | INFO : 
Analysis complete on wallet wallet1. Processed Coins: 0, Unprocessed Coins: 9724
2024-05-23T02:45:21.549021+0700 | INFO : 
Notifier, Market Coin Data for wallet1: 147913 coins
2024-05-23T02:45:21.552021+0700 | WARNING : 
No available balance in wallet wallet1.
 Buy actions will not happens, please add more funds to your wallet.
2024-05-23T02:45:21.580023+0700 | INFO : 
Analyzing 9724 coins based on recent and comparable data.
2024-05-23T02:46:26.469153+0700 | INFO : 
Analysis complete on wallet wallet1. Processed Coins: 0, Unprocessed Coins: 9724
2024-05-23T02:52:57.277630+0700 | INFO : 
Notifier, Market Coin Data for wallet1: 147913 coins
2024-05-23T02:52:57.280628+0700 | WARNING : 
No available balance in wallet wallet1.
 Buy actions will not happens, please add more funds to your wallet.
2024-05-23T02:52:57.306631+0700 | INFO : 
Analyzing 9724 coins based on recent and comparable data.
2024-05-23T02:54:03.038369+0700 | INFO : 
Analysis complete on wallet wallet1. Processed Coins: 0, Unprocessed Coins: 9724
2024-05-23T03:00:38.178697+0700 | INFO : 
Notifier, Market Coin Data for wallet1: 147913 coins
2024-05-23T03:00:38.182696+0700 | WARNING : 
No available balance in wallet wallet1.
 Buy actions will not happens, please add more funds to your wallet.
2024-05-23T03:00:38.209699+0700 | INFO : 
Analyzing 9724 coins based on recent and comparable data.
2024-05-23T03:01:43.500421+0700 | INFO : 
Analysis complete on wallet wallet1. Processed Coins: 0, Unprocessed Coins: 9724
2024-05-23T06:06:08.071468+0700 | INFO : 
Notifier, Market Coin Data for wallet1: 147913 coins
2024-05-23T06:06:08.075469+0700 | WARNING : 
No available balance in wallet wallet1.
 Buy actions will not happens, please add more funds to your wallet.
2024-05-23T06:06:08.101469+0700 | INFO : 
Analyzing 9724 coins based on recent and comparable data.
2024-05-23T06:07:12.969320+0700 | INFO : 
Analysis complete on wallet wallet1. Processed Coins: 0, Unprocessed Coins: 9724
2024-05-23T06:13:48.187744+0700 | INFO : 
Notifier, Market Coin Data for wallet1: 147913 coins
2024-05-23T06:13:48.190742+0700 | WARNING : 
No available balance in wallet wallet1.
 Buy actions will not happens, please add more funds to your wallet.
2024-05-23T06:13:48.216747+0700 | INFO : 
Analyzing 9724 coins based on recent and comparable data.
2024-05-23T06:14:53.199206+0700 | INFO : 
Analysis complete on wallet wallet1. Processed Coins: 0, Unprocessed Coins: 9724
2024-05-23T06:21:18.852180+0700 | INFO : 
Notifier, Market Coin Data for wallet1: 147913 coins
2024-05-23T06:21:18.857182+0700 | WARNING : 
No available balance in wallet wallet1.
 Buy actions will not happens, please add more funds to your wallet.
2024-05-23T06:21:18.913059+0700 | INFO : 
Analyzing 9724 coins based on recent and comparable data.
2024-05-23T06:22:24.796816+0700 | INFO : 
Analysis complete on wallet wallet1. Processed Coins: 0, Unprocessed Coins: 9724
2024-05-23T06:28:56.014725+0700 | INFO : 
Notifier, Market Coin Data for wallet1: 147913 coins
2024-05-23T06:28:56.018695+0700 | WARNING : 
No available balance in wallet wallet1.
 Buy actions will not happens, please add more funds to your wallet.
2024-05-23T06:28:56.050699+0700 | INFO : 
Analyzing 9724 coins based on recent and comparable data.
2024-05-23T06:30:01.245717+0700 | INFO : 
Analysis complete on wallet wallet1. Processed Coins: 0, Unprocessed Coins: 9724
2024-05-23T06:36:30.635144+0700 | INFO : 
Notifier, Market Coin Data for wallet1: 147913 coins
2024-05-23T06:36:30.638145+0700 | WARNING : 
No available balance in wallet wallet1.
 Buy actions will not happens, please add more funds to your wallet.
2024-05-23T06:36:30.664148+0700 | INFO : 
Analyzing 9724 coins based on recent and comparable data.
2024-05-23T06:37:35.712480+0700 | INFO : 
Analysis complete on wallet wallet1. Processed Coins: 0, Unprocessed Coins: 9724
2024-05-23T06:44:06.988129+0700 | INFO : 
Notifier, Market Coin Data for wallet1: 147913 coins
2024-05-23T06:44:06.992128+0700 | WARNING : 
No available balance in wallet wallet1.
 Buy actions will not happens, please add more funds to your wallet.
2024-05-23T06:44:07.020131+0700 | INFO : 
Analyzing 9724 coins based on recent and comparable data.
2024-05-23T06:45:12.088887+0700 | INFO : 
Analysis complete on wallet wallet1. Processed Coins: 0, Unprocessed Coins: 9724
2024-05-23T06:51:39.987504+0700 | INFO : 
Notifier, Market Coin Data for wallet1: 147913 coins
2024-05-23T06:51:39.990504+0700 | WARNING : 
No available balance in wallet wallet1.
 Buy actions will not happens, please add more funds to your wallet.
2024-05-23T06:51:40.018381+0700 | INFO : 
Analyzing 9724 coins based on recent and comparable data.
2024-05-23T06:52:45.372260+0700 | INFO : 
Analysis complete on wallet wallet1. Processed Coins: 0, Unprocessed Coins: 9724
2024-05-23T06:59:16.902074+0700 | INFO : 
Notifier, Market Coin Data for wallet1: 147913 coins
2024-05-23T06:59:16.907075+0700 | WARNING : 
No available balance in wallet wallet1.
 Buy actions will not happens, please add more funds to your wallet.
2024-05-23T06:59:16.944078+0700 | INFO : 
Analyzing 9724 coins based on recent and comparable data.
2024-05-23T07:00:22.426298+0700 | INFO : 
Analysis complete on wallet wallet1. Processed Coins: 0, Unprocessed Coins: 9724
2024-05-23T07:06:58.638509+0700 | INFO : 
Notifier, Market Coin Data for wallet1: 147913 coins
2024-05-23T07:06:58.641508+0700 | WARNING : 
No available balance in wallet wallet1.
 Buy actions will not happens, please add more funds to your wallet.
2024-05-23T07:06:58.670541+0700 | INFO : 
Analyzing 9724 coins based on recent and comparable data.
2024-05-23T07:08:03.581612+0700 | INFO : 
Analysis complete on wallet wallet1. Processed Coins: 0, Unprocessed Coins: 9724
2024-05-23T07:14:38.491992+0700 | INFO : 
Notifier, Market Coin Data for wallet1: 147913 coins
2024-05-23T07:14:38.495955+0700 | WARNING : 
No available balance in wallet wallet1.
 Buy actions will not happens, please add more funds to your wallet.
2024-05-23T07:14:38.533962+0700 | INFO : 
Analyzing 9724 coins based on recent and comparable data.
2024-05-23T07:15:44.173531+0700 | INFO : 
Analysis complete on wallet wallet1. Processed Coins: 0, Unprocessed Coins: 9724
2024-05-23T07:22:20.752800+0700 | INFO : 
Notifier, Market Coin Data for wallet1: 147913 coins
2024-05-23T07:22:20.755800+0700 | WARNING : 
No available balance in wallet wallet1.
 Buy actions will not happens, please add more funds to your wallet.
2024-05-23T07:22:20.786802+0700 | INFO : 
Analyzing 9724 coins based on recent and comparable data.
2024-05-23T07:23:25.972684+0700 | INFO : 
Analysis complete on wallet wallet1. Processed Coins: 0, Unprocessed Coins: 9724
2024-05-23T07:30:17.803249+0700 | INFO : 
Notifier, Market Coin Data for wallet1: 147913 coins
2024-05-23T07:30:17.806250+0700 | WARNING : 
No available balance in wallet wallet1.
 Buy actions will not happens, please add more funds to your wallet.
2024-05-23T07:30:17.835249+0700 | INFO : 
Analyzing 9724 coins based on recent and comparable data.
2024-05-23T07:31:22.892662+0700 | INFO : 
Analysis complete on wallet wallet1. Processed Coins: 0, Unprocessed Coins: 9724
2024-05-23T07:38:54.395041+0700 | INFO : 
Notifier, Market Coin Data for wallet1: 147913 coins
2024-05-23T07:38:54.398039+0700 | WARNING : 
No available balance in wallet wallet1.
 Buy actions will not happens, please add more funds to your wallet.
2024-05-23T07:38:54.438039+0700 | INFO : 
Analyzing 9724 coins based on recent and comparable data.
2024-05-23T07:39:58.820292+0700 | INFO : 
Analysis complete on wallet wallet1. Processed Coins: 0, Unprocessed Coins: 9724
2024-05-23T07:46:41.230189+0700 | INFO : 
Notifier, Market Coin Data for wallet1: 147913 coins
2024-05-23T07:46:41.233187+0700 | WARNING : 
No available balance in wallet wallet1.
 Buy actions will not happens, please add more funds to your wallet.
2024-05-23T07:46:41.260187+0700 | INFO : 
Analyzing 9724 coins based on recent and comparable data.
2024-05-23T07:47:46.234225+0700 | INFO : 
Analysis complete on wallet wallet1. Processed Coins: 0, Unprocessed Coins: 9724
2024-05-23T07:54:28.271165+0700 | INFO : 
Notifier, Market Coin Data for wallet1: 147913 coins
2024-05-23T07:54:28.277164+0700 | WARNING : 
No available balance in wallet wallet1.
 Buy actions will not happens, please add more funds to your wallet.
2024-05-23T07:54:28.303166+0700 | INFO : 
Analyzing 9724 coins based on recent and comparable data.
2024-05-23T07:55:33.361315+0700 | INFO : 
Analysis complete on wallet wallet1. Processed Coins: 0, Unprocessed Coins: 9724
2024-05-23T08:02:05.740160+0700 | INFO : 
Notifier, Market Coin Data for wallet1: 147913 coins
2024-05-23T08:02:05.744160+0700 | WARNING : 
No available balance in wallet wallet1.
 Buy actions will not happens, please add more funds to your wallet.
2024-05-23T08:02:05.797160+0700 | INFO : 
Analyzing 9724 coins based on recent and comparable data.
2024-05-23T08:03:11.406648+0700 | INFO : 
Analysis complete on wallet wallet1. Processed Coins: 0, Unprocessed Coins: 9724
2024-05-23T08:09:44.151135+0700 | INFO : 
Notifier, Market Coin Data for wallet1: 147913 coins
2024-05-23T08:09:44.154135+0700 | WARNING : 
No available balance in wallet wallet1.
 Buy actions will not happens, please add more funds to your wallet.
2024-05-23T08:09:44.180136+0700 | INFO : 
Analyzing 9724 coins based on recent and comparable data.
2024-05-23T08:10:49.910943+0700 | INFO : 
Analysis complete on wallet wallet1. Processed Coins: 0, Unprocessed Coins: 9724
2024-05-23T08:17:40.076226+0700 | INFO : 
Notifier, Market Coin Data for wallet1: 147913 coins
2024-05-23T08:17:40.079225+0700 | WARNING : 
No available balance in wallet wallet1.
 Buy actions will not happens, please add more funds to your wallet.
2024-05-23T08:17:40.104227+0700 | INFO : 
Analyzing 9724 coins based on recent and comparable data.
2024-05-23T08:18:45.119209+0700 | INFO : 
Analysis complete on wallet wallet1. Processed Coins: 0, Unprocessed Coins: 9724
2024-05-23T08:25:14.680138+0700 | INFO : 
Notifier, Market Coin Data for wallet1: 147913 coins
2024-05-23T08:25:14.684137+0700 | WARNING : 
No available balance in wallet wallet1.
 Buy actions will not happens, please add more funds to your wallet.
2024-05-23T08:25:14.729137+0700 | INFO : 
Analyzing 9724 coins based on recent and comparable data.
2024-05-23T08:26:19.946414+0700 | INFO : 
Analysis complete on wallet wallet1. Processed Coins: 0, Unprocessed Coins: 9724
2024-05-23T08:33:28.530354+0700 | INFO : 
Notifier, Market Coin Data for wallet1: 147913 coins
2024-05-23T08:33:28.533318+0700 | WARNING : 
No available balance in wallet wallet1.
 Buy actions will not happens, please add more funds to your wallet.
2024-05-23T08:33:28.561319+0700 | INFO : 
Analyzing 9724 coins based on recent and comparable data.
2024-05-23T08:34:33.774951+0700 | INFO : 
Analysis complete on wallet wallet1. Processed Coins: 0, Unprocessed Coins: 9724
2024-05-23T10:48:42.891292+0700 | INFO : 
Notifier, Market Coin Data for wallet1: 147913 coins
2024-05-23T10:48:42.895292+0700 | WARNING : 
No available balance in wallet wallet1.
 Buy actions will not happens, please add more funds to your wallet.
2024-05-23T10:48:42.919294+0700 | INFO : 
Analyzing 9724 coins based on recent and comparable data.
2024-05-23T10:49:53.072498+0700 | INFO : 
Analysis complete on wallet wallet1. Processed Coins: 0, Unprocessed Coins: 9724
